<?xml version="1.0" encoding="UTF-8"?>
<!-- Generated by org.testng.reporters.JUnitReportReporter -->
<testsuite hostname="Shantha-HP-Laptop" failures="0" tests="5" name="com.crm.qa.testsuite.HomePageTest" time="48.434" errors="0" timestamp="2019-10-23T11:24:02 BST" skipped="0">
  <testcase classname="com.crm.qa.testsuite.HomePageTest" name="verifyClickOnContactsLinkTest" time="9.913"/>
  <testcase classname="com.crm.qa.testsuite.HomePageTest" name="verifyClickOnDealsLinkTest" time="10.417"/>
  <testcase classname="com.crm.qa.testsuite.HomePageTest" name="verifyUserDisplayNameTest" time="9.443"/>
  <testcase classname="com.crm.qa.testsuite.HomePageTest" name="verifyHomePageTitleTest" time="8.354"/>
  <testcase classname="com.crm.qa.testsuite.HomePageTest" name="verifyClickOnTasksLinkTest" time="10.307"/>
</testsuite> <!-- com.crm.qa.testsuite.HomePageTest -->
