<?xml version="1.0" encoding="UTF-8"?>
<!-- Generated by org.testng.reporters.JUnitReportReporter -->
<testsuite hostname="Shantha-HP-Laptop" failures="0" tests="7" name="com.crm.qa.testsuite.ContactsPageTest" time="127.555" errors="0" timestamp="2019-10-23T11:24:02 BST" skipped="0">
  <testcase classname="com.crm.qa.testsuite.ContactsPageTest" name="createNewContactTest" time="17.857"/>
  <testcase classname="com.crm.qa.testsuite.ContactsPageTest" name="createNewContactTest" time="18.693"/>
  <testcase classname="com.crm.qa.testsuite.ContactsPageTest" name="createNewContactTest" time="18.771"/>
  <testcase classname="com.crm.qa.testsuite.ContactsPageTest" name="createNewContactTest" time="19.119"/>
  <testcase classname="com.crm.qa.testsuite.ContactsPageTest" name="createNewContactTest" time="17.403"/>
  <testcase classname="com.crm.qa.testsuite.ContactsPageTest" name="createNewContactTest" time="17.537"/>
  <testcase classname="com.crm.qa.testsuite.ContactsPageTest" name="createNewContactTest" time="18.175"/>
</testsuite> <!-- com.crm.qa.testsuite.ContactsPageTest -->
