<?xml version="1.0" encoding="UTF-8"?>
<!-- Generated by org.testng.reporters.JUnitReportReporter -->
<testsuite hostname="Shantha-HP-Laptop" failures="0" tests="7" name="com.crm.qa.testsuite.ContactsPageTest" time="131.219" errors="0" timestamp="2019-10-22T15:04:12 BST" skipped="0">
  <testcase classname="com.crm.qa.testsuite.ContactsPageTest" name="createNewContactTest" time="18.880"/>
  <testcase classname="com.crm.qa.testsuite.ContactsPageTest" name="createNewContactTest" time="19.406"/>
  <testcase classname="com.crm.qa.testsuite.ContactsPageTest" name="createNewContactTest" time="18.017"/>
  <testcase classname="com.crm.qa.testsuite.ContactsPageTest" name="createNewContactTest" time="18.993"/>
  <testcase classname="com.crm.qa.testsuite.ContactsPageTest" name="createNewContactTest" time="18.856"/>
  <testcase classname="com.crm.qa.testsuite.ContactsPageTest" name="createNewContactTest" time="18.558"/>
  <testcase classname="com.crm.qa.testsuite.ContactsPageTest" name="createNewContactTest" time="18.509"/>
</testsuite> <!-- com.crm.qa.testsuite.ContactsPageTest -->
