<?xml version="1.0" encoding="UTF-8"?>
<!-- Generated by org.testng.reporters.JUnitReportReporter -->
<testsuite hostname="Shantha-HP-Laptop" failures="0" tests="5" name="com.crm.qa.testsuite.HomePageTest" time="49.057" errors="0" timestamp="2019-10-22T15:04:12 BST" skipped="0">
  <testcase classname="com.crm.qa.testsuite.HomePageTest" name="verifyHomePageTitleTest" time="8.476"/>
  <testcase classname="com.crm.qa.testsuite.HomePageTest" name="verifyUserDisplayNameTest" time="9.621"/>
  <testcase classname="com.crm.qa.testsuite.HomePageTest" name="verifyClickOnContactsLinkTest" time="10.188"/>
  <testcase classname="com.crm.qa.testsuite.HomePageTest" name="verifyClickOnTasksLinkTest" time="10.102"/>
  <testcase classname="com.crm.qa.testsuite.HomePageTest" name="verifyClickOnDealsLinkTest" time="10.670"/>
</testsuite> <!-- com.crm.qa.testsuite.HomePageTest -->
