<?xml version="1.0" encoding="UTF-8"?>
<!-- Generated by org.testng.reporters.JUnitReportReporter -->
<testsuite hostname="Shantha-HP-Laptop" failures="0" tests="5" name="LearningTestNG.GoogleTest" time="35.693" errors="0" timestamp="2019-10-19T15:06:14 BST" skipped="0">
  <testcase classname="LearningTestNG.GoogleTest" name="googleLogoTest" time="6.703"/>
  <testcase classname="LearningTestNG.GoogleTest" name="googleTitleTest" time="8.781"/>
  <testcase classname="LearningTestNG.GoogleTest" name="storeLinkTest" time="6.472"/>
  <testcase classname="LearningTestNG.GoogleTest" name="gmailLinkTest" time="6.864"/>
  <testcase classname="LearningTestNG.GoogleTest" name="imagesLinkTest" time="6.873"/>
</testsuite> <!-- LearningTestNG.GoogleTest -->
