<?xml version="1.0" encoding="UTF-8"?>
<!-- Generated by org.testng.reporters.JUnitReportReporter -->
<testsuite hostname="Shantha-HP-Laptop" failures="0" tests="3" name="LearningTestNG.TestNgBasics" time="0.027" errors="0" timestamp="2019-10-19T15:06:14 BST" skipped="0">
  <testcase classname="LearningTestNG.TestNgBasics" name="searchTest" time="0.004"/>
  <testcase classname="LearningTestNG.TestNgBasics" name="googleTitleMethod" time="0.010"/>
  <testcase classname="LearningTestNG.TestNgBasics" name="googleLogoTest" time="0.013"/>
</testsuite> <!-- LearningTestNG.TestNgBasics -->
