<?xml version="1.0" encoding="UTF-8"?>
<!-- Generated by org.testng.reporters.JUnitReportReporter -->
<testsuite hostname="Shantha-HP-Laptop" failures="0" tests="2" name="LearningTestNG.GoogleTitleTest" time="13.804" errors="0" timestamp="2019-10-19T15:06:14 BST" skipped="0">
  <testcase classname="LearningTestNG.GoogleTitleTest" name="googleLogoTest" time="6.937"/>
  <testcase classname="LearningTestNG.GoogleTitleTest" name="googleTitleTest" time="6.867"/>
</testsuite> <!-- LearningTestNG.GoogleTitleTest -->
