<?xml version="1.0" encoding="UTF-8"?>
<!-- Generated by org.testng.reporters.JUnitReportReporter -->
<testsuite hostname="Shantha-HP-Laptop" failures="0" tests="10" name="LearningTestNG.InvocationCountTest" time="0.064" errors="0" timestamp="2019-10-19T15:06:14 BST" skipped="0">
  <testcase classname="LearningTestNG.InvocationCountTest" name="sum" time="0.013"/>
  <testcase classname="LearningTestNG.InvocationCountTest" name="sum" time="0.003"/>
  <testcase classname="LearningTestNG.InvocationCountTest" name="sum" time="0.001"/>
  <testcase classname="LearningTestNG.InvocationCountTest" name="sum" time="0.002"/>
  <testcase classname="LearningTestNG.InvocationCountTest" name="sum" time="0.001"/>
  <testcase classname="LearningTestNG.InvocationCountTest" name="sum" time="0.008"/>
  <testcase classname="LearningTestNG.InvocationCountTest" name="sum" time="0.009"/>
  <testcase classname="LearningTestNG.InvocationCountTest" name="sum" time="0.013"/>
  <testcase classname="LearningTestNG.InvocationCountTest" name="sum" time="0.005"/>
  <testcase classname="LearningTestNG.InvocationCountTest" name="sum" time="0.009"/>
</testsuite> <!-- LearningTestNG.InvocationCountTest -->
