<?xml version="1.0" encoding="UTF-8"?>
<!-- Generated by org.testng.reporters.JUnitReportReporter -->
<testsuite hostname="Shantha-HP-Laptop" failures="0" tests="1" name="LearningTestNG.ExpectedExceptionTest" time="0.009" errors="0" timestamp="2019-10-19T15:06:14 BST" skipped="0">
  <testcase classname="LearningTestNG.ExpectedExceptionTest" name="test1" time="0.009"/>
</testsuite> <!-- LearningTestNG.ExpectedExceptionTest -->
