<?xml version="1.0" encoding="UTF-8"?>
<!-- Generated by org.testng.reporters.JUnitReportReporter -->
<testsuite hostname="Shantha-HP-Laptop" failures="0" tests="1" name="LearningTestNG.ExceptionTimeOutTest" time="2.039" errors="1" timestamp="2019-10-19T15:06:14 BST" skipped="0">
  <testcase classname="LearningTestNG.ExceptionTimeOutTest" name="infinitLoopTest" time="2.039">
    <error message="Method LearningTestNG.ExceptionTimeOutTest.infinitLoopTest() didn&#039;t finish within the time-out 2000" type="org.testng.internal.thread.ThreadTimeoutException">
      <![CDATA[org.testng.internal.thread.ThreadTimeoutException: Method LearningTestNG.ExceptionTimeOutTest.infinitLoopTest() didn't finish within the time-out 2000
at java.base@12.0.2/java.io.FileOutputStream.writeBytes(Native Method)
at java.base@12.0.2/java.io.FileOutputStream.write(FileOutputStream.java:348)
at java.base@12.0.2/java.io.BufferedOutputStream.flushBuffer(BufferedOutputStream.java:81)
at java.base@12.0.2/java.io.BufferedOutputStream.flush(BufferedOutputStream.java:142)
at java.base@12.0.2/java.io.PrintStream.write(PrintStream.java:561)
at java.base@12.0.2/sun.nio.cs.StreamEncoder.writeBytes(StreamEncoder.java:233)
at java.base@12.0.2/sun.nio.cs.StreamEncoder.implFlushBuffer(StreamEncoder.java:312)
at java.base@12.0.2/sun.nio.cs.StreamEncoder.flushBuffer(StreamEncoder.java:104)
at java.base@12.0.2/java.io.OutputStreamWriter.flushBuffer(OutputStreamWriter.java:184)
at java.base@12.0.2/java.io.PrintStream.write(PrintStream.java:606)
at java.base@12.0.2/java.io.PrintStream.print(PrintStream.java:676)
at java.base@12.0.2/java.io.PrintStream.println(PrintStream.java:812)
at app//LearningTestNG.ExceptionTimeOutTest.infinitLoopTest(ExceptionTimeOutTest.java:11)
at java.base@12.0.2/jdk.internal.reflect.NativeMethodAccessorImpl.invoke0(Native Method)
at java.base@12.0.2/jdk.internal.reflect.NativeMethodAccessorImpl.invoke(NativeMethodAccessorImpl.java:62)
at java.base@12.0.2/jdk.internal.reflect.DelegatingMethodAccessorImpl.invoke(DelegatingMethodAccessorImpl.java:43)
at java.base@12.0.2/java.lang.reflect.Method.invoke(Method.java:567)
at app//org.testng.internal.MethodInvocationHelper.invokeMethod(MethodInvocationHelper.java:133)
at app//org.testng.internal.InvokeMethodRunnable.runOne(InvokeMethodRunnable.java:51)
at app//org.testng.internal.InvokeMethodRunnable.run(InvokeMethodRunnable.java:41)
at java.base@12.0.2/java.util.concurrent.Executors$RunnableAdapter.call(Executors.java:515)
at java.base@12.0.2/java.util.concurrent.FutureTask.run(FutureTask.java:264)
at java.base@12.0.2/java.util.concurrent.ThreadPoolExecutor.runWorker(ThreadPoolExecutor.java:1128)
at java.base@12.0.2/java.util.concurrent.ThreadPoolExecutor$Worker.run(ThreadPoolExecutor.java:628)
at java.base@12.0.2/java.lang.Thread.run(Thread.java:835)
]]>
    </error>
  </testcase> <!-- infinitLoopTest -->
</testsuite> <!-- LearningTestNG.ExceptionTimeOutTest -->
